c:\dae\grad\graphicsprogramming2\studentgradworks\overlord_wout_3d\overlordproject\debug\overlordproject.pch
c:\dae\grad\graphicsprogramming2\studentgradworks\overlord_wout_3d\overlordproject\debug\vc141.pdb
c:\dae\grad\graphicsprogramming2\studentgradworks\overlord_wout_3d\overlordproject\debug\vc141.idb
c:\dae\grad\graphicsprogramming2\studentgradworks\overlord_wout_3d\overlordproject\debug\stdafx.obj
c:\dae\grad\graphicsprogramming2\studentgradworks\overlord_wout_3d\overlordproject\debug\liquidmaterial_simulation_projection.obj
c:\dae\grad\graphicsprogramming2\studentgradworks\overlord_wout_3d\overlordproject\debug\liquidmaterial_simulation_lic.obj
c:\dae\grad\graphicsprogramming2\studentgradworks\overlord_wout_3d\overlordproject\debug\liquidmaterial_simulation_jacobi.obj
c:\dae\grad\graphicsprogramming2\studentgradworks\overlord_wout_3d\overlordproject\debug\liquidmaterial_simulation_isocontourvelocity.obj
c:\dae\grad\graphicsprogramming2\studentgradworks\overlord_wout_3d\overlordproject\debug\liquidmaterial_simulation_isocontour.obj
c:\dae\grad\graphicsprogramming2\studentgradworks\overlord_wout_3d\overlordproject\debug\liquidmaterial_simulation_drawmousevel.obj
c:\dae\grad\graphicsprogramming2\studentgradworks\overlord_wout_3d\overlordproject\debug\liquidmaterial_simulation_drawmouseinflow.obj
c:\dae\grad\graphicsprogramming2\studentgradworks\overlord_wout_3d\overlordproject\debug\liquidmaterial_simulation_drawboundary.obj
c:\dae\grad\graphicsprogramming2\studentgradworks\overlord_wout_3d\overlordproject\debug\liquidmaterial_simulation_divergence.obj
c:\dae\grad\graphicsprogramming2\studentgradworks\overlord_wout_3d\overlordproject\debug\liquidmaterial_simulation_boundary.obj
c:\dae\grad\graphicsprogramming2\studentgradworks\overlord_wout_3d\overlordproject\debug\liquidmaterial_simulation_advect.obj
c:\dae\grad\graphicsprogramming2\studentgradworks\overlord_wout_3d\overlordproject\debug\liquidmaterial_simulation.obj
c:\dae\grad\graphicsprogramming2\studentgradworks\overlord_wout_3d\overlordproject\debug\diffusematerial_deferred.obj
c:\dae\grad\graphicsprogramming2\studentgradworks\overlord_wout_3d\overlordproject\debug\colormaterial_deferred.obj
c:\dae\grad\graphicsprogramming2\studentgradworks\overlord_wout_3d\overlordproject\debug\terraintestscene.obj
c:\dae\grad\graphicsprogramming2\studentgradworks\overlord_wout_3d\overlordproject\debug\imgui_widgets.obj
c:\dae\grad\graphicsprogramming2\studentgradworks\overlord_wout_3d\overlordproject\debug\imgui_impl_win32.obj
c:\dae\grad\graphicsprogramming2\studentgradworks\overlord_wout_3d\overlordproject\debug\imgui_impl_dx11.obj
c:\dae\grad\graphicsprogramming2\studentgradworks\overlord_wout_3d\overlordproject\debug\imgui_draw.obj
c:\dae\grad\graphicsprogramming2\studentgradworks\overlord_wout_3d\overlordproject\debug\imgui.obj
c:\dae\grad\graphicsprogramming2\studentgradworks\overlord_wout_3d\overlordproject\debug\hardwareskinningscene.obj
c:\dae\grad\graphicsprogramming2\studentgradworks\overlord_wout_3d\overlordproject\debug\softwareskinningscene_3.obj
c:\dae\grad\graphicsprogramming2\studentgradworks\overlord_wout_3d\overlordproject\debug\softwareskinningscene_2.obj
c:\dae\grad\graphicsprogramming2\studentgradworks\overlord_wout_3d\overlordproject\debug\softwareskinningscene_1.obj
c:\dae\grad\graphicsprogramming2\studentgradworks\overlord_wout_3d\overlordproject\debug\boneobject.obj
c:\dae\grad\graphicsprogramming2\studentgradworks\overlord_wout_3d\overlordproject\debug\pickscene.obj
c:\dae\grad\graphicsprogramming2\studentgradworks\overlord_wout_3d\overlordproject\debug\uberscene.obj
c:\dae\grad\graphicsprogramming2\studentgradworks\overlord_wout_3d\overlordproject\debug\spikeyscene.obj
c:\dae\grad\graphicsprogramming2\studentgradworks\overlord_wout_3d\overlordproject\debug\pongscene.obj
c:\dae\grad\graphicsprogramming2\studentgradworks\overlord_wout_3d\overlordproject\debug\peddle.obj
c:\dae\grad\graphicsprogramming2\studentgradworks\overlord_wout_3d\overlordproject\debug\ball.obj
c:\dae\grad\graphicsprogramming2\studentgradworks\overlord_wout_3d\overlordproject\debug\character.obj
c:\dae\grad\graphicsprogramming2\studentgradworks\overlord_wout_3d\overlordproject\debug\skyboxscene.obj
c:\dae\grad\graphicsprogramming2\studentgradworks\overlord_wout_3d\overlordproject\debug\particlescene.obj
c:\dae\grad\graphicsprogramming2\studentgradworks\overlord_wout_3d\overlordproject\debug\charactertestscene.obj
c:\dae\grad\graphicsprogramming2\studentgradworks\overlord_wout_3d\overlordproject\debug\liquidseedmaterial.obj
c:\dae\grad\graphicsprogramming2\studentgradworks\overlord_wout_3d\overlordproject\debug\liquidscalarmaterial.obj
c:\dae\grad\graphicsprogramming2\studentgradworks\overlord_wout_3d\overlordproject\debug\liquidmaterial.obj
c:\dae\grad\graphicsprogramming2\studentgradworks\overlord_wout_3d\overlordproject\debug\liquidmaterial_simulation_rendertortscalar.obj
c:\dae\grad\graphicsprogramming2\studentgradworks\overlord_wout_3d\overlordproject\debug\liquidmaterial_simulation_rendertort.obj
c:\dae\grad\graphicsprogramming2\studentgradworks\overlord_wout_3d\overlordproject\debug\pickscenetest.obj
c:\dae\grad\graphicsprogramming2\studentgradworks\overlord_wout_3d\overlordproject\debug\hudtestscene.obj
c:\dae\grad\graphicsprogramming2\studentgradworks\overlord_wout_3d\overlordproject\debug\clothscene.obj
c:\dae\grad\graphicsprogramming2\studentgradworks\overlord_wout_3d\overlordproject\debug\tutorialscene.obj
c:\dae\grad\graphicsprogramming2\studentgradworks\overlord_wout_3d\overlordproject\debug\wall.obj
c:\dae\grad\graphicsprogramming2\studentgradworks\overlord_wout_3d\overlordproject\debug\testscene.obj
c:\dae\grad\graphicsprogramming2\studentgradworks\overlord_wout_3d\overlordproject\debug\skybox.obj
c:\dae\grad\graphicsprogramming2\studentgradworks\overlord_wout_3d\overlordproject\debug\postblur.obj
c:\dae\grad\graphicsprogramming2\studentgradworks\overlord_wout_3d\overlordproject\debug\spritetestscene.obj
c:\dae\grad\graphicsprogramming2\studentgradworks\overlord_wout_3d\overlordproject\debug\ubermaterial.obj
c:\dae\grad\graphicsprogramming2\studentgradworks\overlord_wout_3d\overlordproject\debug\modeltestscene.obj
c:\dae\grad\graphicsprogramming2\studentgradworks\overlord_wout_3d\overlordproject\debug\colormaterial.obj
c:\dae\grad\graphicsprogramming2\studentgradworks\overlord_wout_3d\overlordproject\debug\spikeymaterial.obj
c:\dae\grad\graphicsprogramming2\studentgradworks\overlord_wout_3d\overlordproject\debug\skyboxmaterial.obj
c:\dae\grad\graphicsprogramming2\studentgradworks\overlord_wout_3d\overlordproject\debug\skinneddiffusematerial.obj
c:\dae\grad\graphicsprogramming2\studentgradworks\overlord_wout_3d\overlordproject\debug\maingame.obj
c:\dae\grad\graphicsprogramming2\studentgradworks\overlord_wout_3d\overlordproject\debug\main.obj
c:\dae\grad\graphicsprogramming2\studentgradworks\overlord_wout_3d\overlordproject\debug\diffusematerial.obj
c:\dae\grad\graphicsprogramming2\studentgradworks\overlord_wout_3d\overlordproject\debug\postprocessingscene.obj
c:\dae\grad\graphicsprogramming2\studentgradworks\overlord_wout_3d\overlordproject\debug\postgrayscale.obj
c:\dae\grad\graphicsprogramming2\studentgradworks\overlord_wout_3d\overlordproject\debug\overlordproject.tlog\cl.command.1.tlog
c:\dae\grad\graphicsprogramming2\studentgradworks\overlord_wout_3d\overlordproject\debug\overlordproject.tlog\cl.read.1.tlog
c:\dae\grad\graphicsprogramming2\studentgradworks\overlord_wout_3d\overlordproject\debug\overlordproject.tlog\cl.write.1.tlog
c:\dae\grad\graphicsprogramming2\studentgradworks\overlord_wout_3d\overlordproject\debug\overlordproject.tlog\link-cvtres.read.1.tlog
c:\dae\grad\graphicsprogramming2\studentgradworks\overlord_wout_3d\overlordproject\debug\overlordproject.tlog\link-cvtres.write.1.tlog
c:\dae\grad\graphicsprogramming2\studentgradworks\overlord_wout_3d\overlordproject\debug\overlordproject.tlog\link-rc.read.1.tlog
c:\dae\grad\graphicsprogramming2\studentgradworks\overlord_wout_3d\overlordproject\debug\overlordproject.tlog\link-rc.write.1.tlog
c:\dae\grad\graphicsprogramming2\studentgradworks\overlord_wout_3d\overlordproject\debug\overlordproject.tlog\link.26192-cvtres.read.1.tlog
c:\dae\grad\graphicsprogramming2\studentgradworks\overlord_wout_3d\overlordproject\debug\overlordproject.tlog\link.26192-cvtres.write.1.tlog
c:\dae\grad\graphicsprogramming2\studentgradworks\overlord_wout_3d\overlordproject\debug\overlordproject.tlog\link.26192-rc.read.1.tlog
c:\dae\grad\graphicsprogramming2\studentgradworks\overlord_wout_3d\overlordproject\debug\overlordproject.tlog\link.26192-rc.write.1.tlog
c:\dae\grad\graphicsprogramming2\studentgradworks\overlord_wout_3d\overlordproject\debug\overlordproject.tlog\link.26192.read.1.tlog
c:\dae\grad\graphicsprogramming2\studentgradworks\overlord_wout_3d\overlordproject\debug\overlordproject.tlog\link.26192.write.1.tlog
c:\dae\grad\graphicsprogramming2\studentgradworks\overlord_wout_3d\overlordproject\debug\overlordproject.tlog\link.command.1.tlog
c:\dae\grad\graphicsprogramming2\studentgradworks\overlord_wout_3d\overlordproject\debug\overlordproject.tlog\link.read.1.tlog
c:\dae\grad\graphicsprogramming2\studentgradworks\overlord_wout_3d\overlordproject\debug\overlordproject.tlog\link.write.1.tlog
